<?xml version="1.0" encoding="UTF-8"?>
<coverage generated="1656852239294" clover="3.2.0">
  <project timestamp="1656852239294" name="All files">
    <metrics statements="166" coveredstatements="149" conditionals="24" coveredconditionals="22" methods="71" coveredmethods="48" elements="261" coveredelements="219" complexity="0" loc="166" ncloc="166" packages="3" files="22" classes="22"/>
    <package name="lib">
      <metrics statements="79" coveredstatements="68" conditionals="24" coveredconditionals="22" methods="31" coveredmethods="20"/>
      <file name="Quantifier.ts" path="/Users/casin/sandbox/rebuilder/src/lib/Quantifier.ts">
        <metrics statements="8" coveredstatements="8" conditionals="2" coveredconditionals="2" methods="6" coveredmethods="6"/>
        <line num="1" count="13" type="stmt"/>
        <line num="2" count="84" type="stmt"/>
        <line num="5" count="84" type="stmt"/>
        <line num="8" count="84" type="stmt"/>
        <line num="11" count="84" type="stmt"/>
        <line num="14" count="84" type="stmt"/>
        <line num="15" count="24" type="cond" truecount="2" falsecount="0"/>
        <line num="19" count="84" type="stmt"/>
      </file>
      <file name="expression.ts" path="/Users/casin/sandbox/rebuilder/src/lib/expression.ts">
        <metrics statements="45" coveredstatements="45" conditionals="20" coveredconditionals="20" methods="14" coveredmethods="14"/>
        <line num="4" count="13" type="stmt"/>
        <line num="9" count="95" type="stmt"/>
        <line num="10" count="95" type="stmt"/>
        <line num="11" count="95" type="stmt"/>
        <line num="12" count="95" type="stmt"/>
        <line num="13" count="95" type="stmt"/>
        <line num="14" count="95" type="stmt"/>
        <line num="15" count="95" type="stmt"/>
        <line num="16" count="95" type="stmt"/>
        <line num="17" count="95" type="stmt"/>
        <line num="19" count="95" type="stmt"/>
        <line num="26" count="95" type="cond" truecount="1" falsecount="0"/>
        <line num="27" count="2" type="stmt"/>
        <line num="35" count="95" type="cond" truecount="1" falsecount="0"/>
        <line num="42" count="95" type="cond" truecount="1" falsecount="0"/>
        <line num="43" count="2" type="stmt"/>
        <line num="51" count="95" type="cond" truecount="1" falsecount="0"/>
        <line num="58" count="95" type="cond" truecount="1" falsecount="0"/>
        <line num="59" count="2" type="stmt"/>
        <line num="67" count="95" type="cond" truecount="1" falsecount="0"/>
        <line num="74" count="95" type="cond" truecount="1" falsecount="0"/>
        <line num="75" count="2" type="stmt"/>
        <line num="78" count="95" type="cond" truecount="1" falsecount="0"/>
        <line num="80" count="95" type="cond" truecount="1" falsecount="0"/>
        <line num="87" count="95" type="stmt"/>
        <line num="88" count="95" type="stmt"/>
        <line num="89" count="95" type="stmt"/>
        <line num="91" count="95" type="stmt"/>
        <line num="94" count="95" type="stmt"/>
        <line num="95" count="95" type="cond" truecount="2" falsecount="0"/>
        <line num="96" count="95" type="cond" truecount="2" falsecount="0"/>
        <line num="97" count="95" type="stmt"/>
        <line num="99" count="95" type="stmt"/>
        <line num="102" count="95" type="stmt"/>
        <line num="103" count="95" type="stmt"/>
        <line num="105" count="95" type="cond" truecount="1" falsecount="0"/>
        <line num="106" count="95" type="cond" truecount="1" falsecount="0"/>
        <line num="107" count="95" type="cond" truecount="1" falsecount="0"/>
        <line num="108" count="95" type="cond" truecount="1" falsecount="0"/>
        <line num="109" count="95" type="cond" truecount="1" falsecount="0"/>
        <line num="110" count="95" type="cond" truecount="1" falsecount="0"/>
        <line num="111" count="95" type="cond" truecount="1" falsecount="0"/>
        <line num="113" count="95" type="stmt"/>
        <line num="123" count="13" type="stmt"/>
        <line num="124" count="95" type="stmt"/>
      </file>
      <file name="group.ts" path="/Users/casin/sandbox/rebuilder/src/lib/group.ts">
        <metrics statements="8" coveredstatements="4" conditionals="0" coveredconditionals="0" methods="3" coveredmethods="0"/>
        <line num="4" count="13" type="stmt"/>
        <line num="5" count="13" type="stmt"/>
        <line num="9" count="13" type="stmt"/>
        <line num="13" count="0" type="stmt"/>
        <line num="14" count="0" type="stmt"/>
        <line num="17" count="0" type="stmt"/>
        <line num="18" count="0" type="stmt"/>
        <line num="21" count="13" type="stmt"/>
      </file>
      <file name="index.ts" path="/Users/casin/sandbox/rebuilder/src/lib/index.ts">
        <metrics statements="5" coveredstatements="5" conditionals="0" coveredconditionals="0" methods="0" coveredmethods="0"/>
        <line num="1" count="13" type="stmt"/>
        <line num="2" count="13" type="stmt"/>
        <line num="3" count="13" type="stmt"/>
        <line num="4" count="13" type="stmt"/>
        <line num="5" count="13" type="stmt"/>
      </file>
      <file name="or.ts" path="/Users/casin/sandbox/rebuilder/src/lib/or.ts">
        <metrics statements="5" coveredstatements="2" conditionals="0" coveredconditionals="0" methods="4" coveredmethods="0"/>
        <line num="7" count="13" type="stmt"/>
        <line num="11" count="0" type="stmt"/>
        <line num="14" count="0" type="stmt"/>
        <line num="15" count="0" type="stmt"/>
        <line num="18" count="13" type="stmt"/>
      </file>
      <file name="pattern.ts" path="/Users/casin/sandbox/rebuilder/src/lib/pattern.ts">
        <metrics statements="8" coveredstatements="4" conditionals="2" coveredconditionals="0" methods="4" coveredmethods="0"/>
        <line num="1" count="13" type="stmt"/>
        <line num="4" count="13" type="stmt"/>
        <line num="21" count="13" type="stmt"/>
        <line num="25" count="0" type="stmt"/>
        <line num="26" count="0" type="stmt"/>
        <line num="28" count="0" type="cond" truecount="0" falsecount="2"/>
        <line num="32" count="0" type="stmt"/>
        <line num="35" count="13" type="stmt"/>
      </file>
    </package>
    <package name="lib.characters">
      <metrics statements="85" coveredstatements="79" conditionals="0" coveredconditionals="0" methods="38" coveredmethods="26"/>
      <file name="CharNode.ts" path="/Users/casin/sandbox/rebuilder/src/lib/characters/CharNode.ts">
        <metrics statements="5" coveredstatements="5" conditionals="0" coveredconditionals="0" methods="2" coveredmethods="2"/>
        <line num="1" count="13" type="stmt"/>
        <line num="3" count="13" type="stmt"/>
        <line num="7" count="84" type="stmt"/>
        <line num="8" count="84" type="stmt"/>
        <line num="11" count="84" type="stmt"/>
      </file>
      <file name="alphanumeric.ts" path="/Users/casin/sandbox/rebuilder/src/lib/characters/alphanumeric.ts">
        <metrics statements="7" coveredstatements="7" conditionals="0" coveredconditionals="0" methods="4" coveredmethods="4"/>
        <line num="1" count="13" type="stmt"/>
        <line num="3" count="13" type="stmt"/>
        <line num="5" count="7" type="stmt"/>
        <line num="9" count="13" type="stmt"/>
        <line num="11" count="7" type="stmt"/>
        <line num="18" count="13" type="stmt"/>
        <line num="23" count="13" type="stmt"/>
      </file>
      <file name="any.ts" path="/Users/casin/sandbox/rebuilder/src/lib/characters/any.ts">
        <metrics statements="4" coveredstatements="4" conditionals="0" coveredconditionals="0" methods="2" coveredmethods="2"/>
        <line num="1" count="13" type="stmt"/>
        <line num="3" count="13" type="stmt"/>
        <line num="5" count="7" type="stmt"/>
        <line num="19" count="13" type="stmt"/>
      </file>
      <file name="caretReturn.ts" path="/Users/casin/sandbox/rebuilder/src/lib/characters/caretReturn.ts">
        <metrics statements="4" coveredstatements="4" conditionals="0" coveredconditionals="0" methods="2" coveredmethods="2"/>
        <line num="1" count="13" type="stmt"/>
        <line num="3" count="13" type="stmt"/>
        <line num="5" count="7" type="stmt"/>
        <line num="12" count="13" type="stmt"/>
      </file>
      <file name="code.ts" path="/Users/casin/sandbox/rebuilder/src/lib/characters/code.ts">
        <metrics statements="4" coveredstatements="3" conditionals="0" coveredconditionals="0" methods="2" coveredmethods="0"/>
        <line num="1" count="13" type="stmt"/>
        <line num="5" count="13" type="stmt"/>
        <line num="7" count="0" type="stmt"/>
        <line num="14" count="13" type="stmt"/>
      </file>
      <file name="control.ts" path="/Users/casin/sandbox/rebuilder/src/lib/characters/control.ts">
        <metrics statements="4" coveredstatements="3" conditionals="0" coveredconditionals="0" methods="2" coveredmethods="0"/>
        <line num="1" count="13" type="stmt"/>
        <line num="5" count="13" type="stmt"/>
        <line num="7" count="0" type="stmt"/>
        <line num="14" count="13" type="stmt"/>
      </file>
      <file name="formFeed.ts" path="/Users/casin/sandbox/rebuilder/src/lib/characters/formFeed.ts">
        <metrics statements="4" coveredstatements="4" conditionals="0" coveredconditionals="0" methods="2" coveredmethods="2"/>
        <line num="1" count="13" type="stmt"/>
        <line num="3" count="13" type="stmt"/>
        <line num="5" count="7" type="stmt"/>
        <line num="12" count="13" type="stmt"/>
      </file>
      <file name="index.ts" path="/Users/casin/sandbox/rebuilder/src/lib/characters/index.ts">
        <metrics statements="13" coveredstatements="13" conditionals="0" coveredconditionals="0" methods="0" coveredmethods="0"/>
        <line num="1" count="13" type="stmt"/>
        <line num="2" count="13" type="stmt"/>
        <line num="3" count="13" type="stmt"/>
        <line num="4" count="13" type="stmt"/>
        <line num="5" count="13" type="stmt"/>
        <line num="6" count="13" type="stmt"/>
        <line num="7" count="13" type="stmt"/>
        <line num="8" count="13" type="stmt"/>
        <line num="9" count="13" type="stmt"/>
        <line num="10" count="13" type="stmt"/>
        <line num="11" count="13" type="stmt"/>
        <line num="12" count="13" type="stmt"/>
        <line num="13" count="13" type="stmt"/>
      </file>
      <file name="newLine.ts" path="/Users/casin/sandbox/rebuilder/src/lib/characters/newLine.ts">
        <metrics statements="4" coveredstatements="4" conditionals="0" coveredconditionals="0" methods="2" coveredmethods="2"/>
        <line num="1" count="13" type="stmt"/>
        <line num="3" count="13" type="stmt"/>
        <line num="5" count="7" type="stmt"/>
        <line num="12" count="13" type="stmt"/>
      </file>
      <file name="nullChar.ts" path="/Users/casin/sandbox/rebuilder/src/lib/characters/nullChar.ts">
        <metrics statements="4" coveredstatements="3" conditionals="0" coveredconditionals="0" methods="2" coveredmethods="0"/>
        <line num="1" count="13" type="stmt"/>
        <line num="3" count="13" type="stmt"/>
        <line num="5" count="0" type="stmt"/>
        <line num="12" count="13" type="stmt"/>
      </file>
      <file name="number.ts" path="/Users/casin/sandbox/rebuilder/src/lib/characters/number.ts">
        <metrics statements="7" coveredstatements="7" conditionals="0" coveredconditionals="0" methods="4" coveredmethods="4"/>
        <line num="1" count="13" type="stmt"/>
        <line num="3" count="13" type="stmt"/>
        <line num="5" count="7" type="stmt"/>
        <line num="9" count="13" type="stmt"/>
        <line num="11" count="7" type="stmt"/>
        <line num="18" count="13" type="stmt"/>
        <line num="23" count="13" type="stmt"/>
      </file>
      <file name="tab.ts" path="/Users/casin/sandbox/rebuilder/src/lib/characters/tab.ts">
        <metrics statements="7" coveredstatements="7" conditionals="0" coveredconditionals="0" methods="4" coveredmethods="4"/>
        <line num="1" count="13" type="stmt"/>
        <line num="3" count="13" type="stmt"/>
        <line num="5" count="7" type="stmt"/>
        <line num="9" count="13" type="stmt"/>
        <line num="11" count="7" type="stmt"/>
        <line num="18" count="13" type="stmt"/>
        <line num="23" count="13" type="stmt"/>
      </file>
      <file name="utf16.ts" path="/Users/casin/sandbox/rebuilder/src/lib/characters/utf16.ts">
        <metrics statements="4" coveredstatements="3" conditionals="0" coveredconditionals="0" methods="2" coveredmethods="0"/>
        <line num="1" count="13" type="stmt"/>
        <line num="5" count="13" type="stmt"/>
        <line num="7" count="0" type="stmt"/>
        <line num="14" count="13" type="stmt"/>
      </file>
      <file name="whitespace.ts" path="/Users/casin/sandbox/rebuilder/src/lib/characters/whitespace.ts">
        <metrics statements="7" coveredstatements="7" conditionals="0" coveredconditionals="0" methods="4" coveredmethods="4"/>
        <line num="1" count="13" type="stmt"/>
        <line num="3" count="13" type="stmt"/>
        <line num="5" count="7" type="stmt"/>
        <line num="9" count="13" type="stmt"/>
        <line num="11" count="7" type="stmt"/>
        <line num="18" count="13" type="stmt"/>
        <line num="23" count="13" type="stmt"/>
      </file>
      <file name="wordBoundary.ts" path="/Users/casin/sandbox/rebuilder/src/lib/characters/wordBoundary.ts">
        <metrics statements="7" coveredstatements="5" conditionals="0" coveredconditionals="0" methods="4" coveredmethods="0"/>
        <line num="1" count="13" type="stmt"/>
        <line num="3" count="13" type="stmt"/>
        <line num="5" count="0" type="stmt"/>
        <line num="9" count="13" type="stmt"/>
        <line num="11" count="0" type="stmt"/>
        <line num="24" count="13" type="stmt"/>
        <line num="29" count="13" type="stmt"/>
      </file>
    </package>
    <package name="lib.utils">
      <metrics statements="2" coveredstatements="2" conditionals="0" coveredconditionals="0" methods="2" coveredmethods="2"/>
      <file name="compileChildren.ts" path="/Users/casin/sandbox/rebuilder/src/lib/utils/compileChildren.ts">
        <metrics statements="2" coveredstatements="2" conditionals="0" coveredconditionals="0" methods="2" coveredmethods="2"/>
        <line num="5" count="13" type="stmt"/>
        <line num="6" count="95" type="stmt"/>
      </file>
    </package>
  </project>
</coverage>
