{"/Users/casin/sandbox/rebuilder/src/lib/Quantifier.ts": {"path":"/Users/casin/sandbox/rebuilder/src/lib/Quantifier.ts","statementMap":{"0":{"start":{"line":2,"column":12},"end":{"line":2,"column":null}},"1":{"start":{"line":5,"column":2},"end":{"line":5,"column":null}},"2":{"start":{"line":5,"column":20},"end":{"line":5,"column":49}},"3":{"start":{"line":8,"column":2},"end":{"line":8,"column":null}},"4":{"start":{"line":8,"column":23},"end":{"line":8,"column":52}},"5":{"start":{"line":11,"column":2},"end":{"line":11,"column":null}},"6":{"start":{"line":11,"column":21},"end":{"line":11,"column":50}},"7":{"start":{"line":14,"column":2},"end":{"line":16,"column":null}},"8":{"start":{"line":15,"column":4},"end":{"line":15,"column":76}},"9":{"start":{"line":19,"column":2},"end":{"line":19,"column":null}},"10":{"start":{"line":19,"column":32},"end":{"line":19,"column":71}},"11":{"start":{"line":1,"column":0},"end":{"line":1,"column":13}}},"fnMap":{"0":{"name":"(anonymous_0)","decl":{"start":{"line":1,"column":0},"end":{"line":1,"column":13}},"loc":{"start":{"line":1,"column":0},"end":{"line":20,"column":1}}},"1":{"name":"(anonymous_1)","decl":{"start":{"line":5,"column":13},"end":{"line":5,"column":16}},"loc":{"start":{"line":5,"column":20},"end":{"line":5,"column":49}}},"2":{"name":"(anonymous_2)","decl":{"start":{"line":8,"column":16},"end":{"line":8,"column":19}},"loc":{"start":{"line":8,"column":23},"end":{"line":8,"column":52}}},"3":{"name":"(anonymous_3)","decl":{"start":{"line":11,"column":14},"end":{"line":11,"column":17}},"loc":{"start":{"line":11,"column":21},"end":{"line":11,"column":50}}},"4":{"name":"(anonymous_4)","decl":{"start":{"line":14,"column":11},"end":{"line":14,"column":12}},"loc":{"start":{"line":15,"column":4},"end":{"line":15,"column":76}}},"5":{"name":"(anonymous_5)","decl":{"start":{"line":19,"column":12},"end":{"line":19,"column":13}},"loc":{"start":{"line":19,"column":32},"end":{"line":19,"column":71}}}},"branchMap":{"0":{"loc":{"start":{"line":15,"column":34},"end":{"line":15,"column":66}},"type":"cond-expr","locations":[{"start":{"line":15,"column":53},"end":{"line":15,"column":55}},{"start":{"line":15,"column":58},"end":{"line":15,"column":66}}]}},"s":{"0":84,"1":84,"2":12,"3":84,"4":12,"5":84,"6":12,"7":84,"8":24,"9":84,"10":12,"11":13},"f":{"0":84,"1":12,"2":12,"3":12,"4":24,"5":12},"b":{"0":[12,12]}}
,"/Users/casin/sandbox/rebuilder/src/lib/expression.ts": {"path":"/Users/casin/sandbox/rebuilder/src/lib/expression.ts","statementMap":{"0":{"start":{"line":4,"column":0},"end":{"line":4,"column":57}},"1":{"start":{"line":19,"column":31},"end":{"line":19,"column":49}},"2":{"start":{"line":9,"column":10},"end":{"line":9,"column":null}},"3":{"start":{"line":10,"column":10},"end":{"line":10,"column":null}},"4":{"start":{"line":11,"column":10},"end":{"line":11,"column":null}},"5":{"start":{"line":12,"column":10},"end":{"line":12,"column":null}},"6":{"start":{"line":13,"column":10},"end":{"line":13,"column":null}},"7":{"start":{"line":14,"column":10},"end":{"line":14,"column":null}},"8":{"start":{"line":15,"column":10},"end":{"line":15,"column":null}},"9":{"start":{"line":16,"column":10},"end":{"line":16,"column":null}},"10":{"start":{"line":17,"column":10},"end":{"line":17,"column":null}},"11":{"start":{"line":26,"column":2},"end":{"line":28,"column":null}},"12":{"start":{"line":27,"column":4},"end":{"line":27,"column":46}},"13":{"start":{"line":35,"column":2},"end":{"line":35,"column":null}},"14":{"start":{"line":35,"column":39},"end":{"line":35,"column":68}},"15":{"start":{"line":42,"column":2},"end":{"line":44,"column":null}},"16":{"start":{"line":43,"column":4},"end":{"line":43,"column":42}},"17":{"start":{"line":51,"column":2},"end":{"line":51,"column":null}},"18":{"start":{"line":51,"column":42},"end":{"line":51,"column":74}},"19":{"start":{"line":58,"column":2},"end":{"line":60,"column":null}},"20":{"start":{"line":59,"column":4},"end":{"line":59,"column":46}},"21":{"start":{"line":67,"column":2},"end":{"line":67,"column":null}},"22":{"start":{"line":67,"column":40},"end":{"line":67,"column":77}},"23":{"start":{"line":74,"column":2},"end":{"line":76,"column":null}},"24":{"start":{"line":75,"column":4},"end":{"line":75,"column":46}},"25":{"start":{"line":78,"column":2},"end":{"line":78,"column":null}},"26":{"start":{"line":78,"column":42},"end":{"line":78,"column":78}},"27":{"start":{"line":80,"column":2},"end":{"line":80,"column":null}},"28":{"start":{"line":80,"column":38},"end":{"line":80,"column":70}},"29":{"start":{"line":87,"column":2},"end":{"line":92,"column":null}},"30":{"start":{"line":88,"column":20},"end":{"line":88,"column":41}},"31":{"start":{"line":89,"column":18},"end":{"line":89,"column":37}},"32":{"start":{"line":91,"column":4},"end":{"line":91,"column":null}},"33":{"start":{"line":94,"column":19},"end":{"line":100,"column":null}},"34":{"start":{"line":95,"column":19},"end":{"line":95,"column":50}},"35":{"start":{"line":96,"column":20},"end":{"line":96,"column":47}},"36":{"start":{"line":97,"column":21},"end":{"line":97,"column":51}},"37":{"start":{"line":99,"column":4},"end":{"line":99,"column":null}},"38":{"start":{"line":102,"column":19},"end":{"line":114,"column":null}},"39":{"start":{"line":103,"column":18},"end":{"line":103,"column":20}},"40":{"start":{"line":105,"column":4},"end":{"line":105,"column":null}},"41":{"start":{"line":105,"column":36},"end":{"line":105,"column":null}},"42":{"start":{"line":106,"column":4},"end":{"line":106,"column":null}},"43":{"start":{"line":106,"column":23},"end":{"line":106,"column":null}},"44":{"start":{"line":107,"column":4},"end":{"line":107,"column":null}},"45":{"start":{"line":107,"column":32},"end":{"line":107,"column":null}},"46":{"start":{"line":108,"column":4},"end":{"line":108,"column":null}},"47":{"start":{"line":108,"column":26},"end":{"line":108,"column":null}},"48":{"start":{"line":109,"column":4},"end":{"line":109,"column":null}},"49":{"start":{"line":109,"column":36},"end":{"line":109,"column":null}},"50":{"start":{"line":110,"column":4},"end":{"line":110,"column":null}},"51":{"start":{"line":110,"column":31},"end":{"line":110,"column":null}},"52":{"start":{"line":111,"column":4},"end":{"line":111,"column":null}},"53":{"start":{"line":111,"column":36},"end":{"line":111,"column":null}},"54":{"start":{"line":113,"column":4},"end":{"line":113,"column":null}},"55":{"start":{"line":123,"column":26},"end":{"line":124,"column":40}},"56":{"start":{"line":124,"column":2},"end":{"line":124,"column":40}},"57":{"start":{"line":123,"column":13},"end":{"line":123,"column":26}}},"fnMap":{"0":{"name":"(anonymous_0)","decl":{"start":{"line":19,"column":2},"end":{"line":19,"column":31}},"loc":{"start":{"line":19,"column":49},"end":{"line":19,"column":53}}},"1":{"name":"(anonymous_1)","decl":{"start":{"line":26,"column":12},"end":{"line":26,"column":13}},"loc":{"start":{"line":27,"column":4},"end":{"line":27,"column":46}}},"2":{"name":"(anonymous_2)","decl":{"start":{"line":35,"column":11},"end":{"line":35,"column":12}},"loc":{"start":{"line":35,"column":39},"end":{"line":35,"column":68}}},"3":{"name":"(anonymous_3)","decl":{"start":{"line":42,"column":20},"end":{"line":42,"column":21}},"loc":{"start":{"line":43,"column":4},"end":{"line":43,"column":42}}},"4":{"name":"(anonymous_4)","decl":{"start":{"line":51,"column":14},"end":{"line":51,"column":15}},"loc":{"start":{"line":51,"column":42},"end":{"line":51,"column":74}}},"5":{"name":"(anonymous_5)","decl":{"start":{"line":58,"column":20},"end":{"line":58,"column":21}},"loc":{"start":{"line":59,"column":4},"end":{"line":59,"column":46}}},"6":{"name":"(anonymous_6)","decl":{"start":{"line":67,"column":12},"end":{"line":67,"column":13}},"loc":{"start":{"line":67,"column":40},"end":{"line":67,"column":77}}},"7":{"name":"(anonymous_7)","decl":{"start":{"line":74,"column":11},"end":{"line":74,"column":12}},"loc":{"start":{"line":75,"column":4},"end":{"line":75,"column":46}}},"8":{"name":"(anonymous_8)","decl":{"start":{"line":78,"column":14},"end":{"line":78,"column":15}},"loc":{"start":{"line":78,"column":42},"end":{"line":78,"column":78}}},"9":{"name":"(anonymous_9)","decl":{"start":{"line":80,"column":10},"end":{"line":80,"column":11}},"loc":{"start":{"line":80,"column":38},"end":{"line":80,"column":70}}},"10":{"name":"(anonymous_10)","decl":{"start":{"line":87,"column":10},"end":{"line":87,"column":13}},"loc":{"start":{"line":87,"column":15},"end":{"line":92,"column":3}}},"11":{"name":"(anonymous_11)","decl":{"start":{"line":94,"column":36},"end":{"line":94,"column":39}},"loc":{"start":{"line":94,"column":41},"end":{"line":100,"column":3}}},"12":{"name":"(anonymous_12)","decl":{"start":{"line":102,"column":34},"end":{"line":102,"column":37}},"loc":{"start":{"line":102,"column":39},"end":{"line":114,"column":3}}},"13":{"name":"(anonymous_13)","decl":{"start":{"line":123,"column":26},"end":{"line":123,"column":27}},"loc":{"start":{"line":124,"column":2},"end":{"line":124,"column":40}}}},"branchMap":{"0":{"loc":{"start":{"line":26,"column":13},"end":{"line":26,"column":34}},"type":"default-arg","locations":[{"start":{"line":26,"column":30},"end":{"line":26,"column":34}}]},"1":{"loc":{"start":{"line":35,"column":12},"end":{"line":35,"column":33}},"type":"default-arg","locations":[{"start":{"line":35,"column":29},"end":{"line":35,"column":33}}]},"2":{"loc":{"start":{"line":42,"column":21},"end":{"line":42,"column":42}},"type":"default-arg","locations":[{"start":{"line":42,"column":38},"end":{"line":42,"column":42}}]},"3":{"loc":{"start":{"line":51,"column":15},"end":{"line":51,"column":36}},"type":"default-arg","locations":[{"start":{"line":51,"column":32},"end":{"line":51,"column":36}}]},"4":{"loc":{"start":{"line":58,"column":21},"end":{"line":58,"column":42}},"type":"default-arg","locations":[{"start":{"line":58,"column":38},"end":{"line":58,"column":42}}]},"5":{"loc":{"start":{"line":67,"column":13},"end":{"line":67,"column":34}},"type":"default-arg","locations":[{"start":{"line":67,"column":30},"end":{"line":67,"column":34}}]},"6":{"loc":{"start":{"line":74,"column":12},"end":{"line":74,"column":33}},"type":"default-arg","locations":[{"start":{"line":74,"column":29},"end":{"line":74,"column":33}}]},"7":{"loc":{"start":{"line":78,"column":15},"end":{"line":78,"column":36}},"type":"default-arg","locations":[{"start":{"line":78,"column":32},"end":{"line":78,"column":36}}]},"8":{"loc":{"start":{"line":80,"column":11},"end":{"line":80,"column":32}},"type":"default-arg","locations":[{"start":{"line":80,"column":28},"end":{"line":80,"column":32}}]},"9":{"loc":{"start":{"line":95,"column":19},"end":{"line":95,"column":50}},"type":"cond-expr","locations":[{"start":{"line":95,"column":42},"end":{"line":95,"column":45}},{"start":{"line":95,"column":48},"end":{"line":95,"column":50}}]},"10":{"loc":{"start":{"line":96,"column":20},"end":{"line":96,"column":47}},"type":"cond-expr","locations":[{"start":{"line":96,"column":39},"end":{"line":96,"column":42}},{"start":{"line":96,"column":45},"end":{"line":96,"column":47}}]},"11":{"loc":{"start":{"line":105,"column":4},"end":{"line":105,"column":null}},"type":"if","locations":[{"start":{"line":105,"column":4},"end":{"line":105,"column":null}}]},"12":{"loc":{"start":{"line":106,"column":4},"end":{"line":106,"column":null}},"type":"if","locations":[{"start":{"line":106,"column":4},"end":{"line":106,"column":null}}]},"13":{"loc":{"start":{"line":107,"column":4},"end":{"line":107,"column":null}},"type":"if","locations":[{"start":{"line":107,"column":4},"end":{"line":107,"column":null}}]},"14":{"loc":{"start":{"line":108,"column":4},"end":{"line":108,"column":null}},"type":"if","locations":[{"start":{"line":108,"column":4},"end":{"line":108,"column":null}}]},"15":{"loc":{"start":{"line":109,"column":4},"end":{"line":109,"column":null}},"type":"if","locations":[{"start":{"line":109,"column":4},"end":{"line":109,"column":null}}]},"16":{"loc":{"start":{"line":110,"column":4},"end":{"line":110,"column":null}},"type":"if","locations":[{"start":{"line":110,"column":4},"end":{"line":110,"column":null}}]},"17":{"loc":{"start":{"line":111,"column":4},"end":{"line":111,"column":null}},"type":"if","locations":[{"start":{"line":111,"column":4},"end":{"line":111,"column":null}}]}},"s":{"0":13,"1":95,"2":95,"3":95,"4":95,"5":95,"6":95,"7":95,"8":95,"9":95,"10":95,"11":95,"12":2,"13":95,"14":2,"15":95,"16":2,"17":95,"18":2,"19":95,"20":2,"21":95,"22":2,"23":95,"24":2,"25":95,"26":2,"27":95,"28":2,"29":95,"30":95,"31":95,"32":95,"33":95,"34":95,"35":95,"36":95,"37":95,"38":95,"39":95,"40":95,"41":2,"42":95,"43":2,"44":95,"45":2,"46":95,"47":2,"48":95,"49":2,"50":95,"51":2,"52":95,"53":2,"54":95,"55":13,"56":95,"57":13},"f":{"0":95,"1":2,"2":2,"3":2,"4":2,"5":2,"6":2,"7":2,"8":2,"9":2,"10":95,"11":95,"12":95,"13":95},"b":{"0":[2],"1":[2],"2":[2],"3":[2],"4":[2],"5":[2],"6":[2],"7":[2],"8":[2],"9":[2,93],"10":[2,93],"11":[2],"12":[2],"13":[2],"14":[2],"15":[2],"16":[2],"17":[2]}}
,"/Users/casin/sandbox/rebuilder/src/lib/group.ts": {"path":"/Users/casin/sandbox/rebuilder/src/lib/group.ts","statementMap":{"0":{"start":{"line":4,"column":0},"end":{"line":4,"column":41}},"1":{"start":{"line":5,"column":0},"end":{"line":5,"column":57}},"2":{"start":{"line":13,"column":4},"end":{"line":13,"column":null}},"3":{"start":{"line":17,"column":2},"end":{"line":18,"column":null}},"4":{"start":{"line":18,"column":4},"end":{"line":18,"column":59}},"5":{"start":{"line":14,"column":4},"end":{"line":14,"column":null}},"6":{"start":{"line":9,"column":0},"end":{"line":9,"column":13}},"7":{"start":{"line":21,"column":21},"end":{"line":21,"column":71}},"8":{"start":{"line":21,"column":48},"end":{"line":21,"column":71}},"9":{"start":{"line":21,"column":13},"end":{"line":21,"column":21}}},"fnMap":{"0":{"name":"(anonymous_0)","decl":{"start":{"line":12,"column":2},"end":{"line":12,"column":14}},"loc":{"start":{"line":12,"column":32},"end":{"line":15,"column":3}}},"1":{"name":"(anonymous_1)","decl":{"start":{"line":17,"column":13},"end":{"line":17,"column":24}},"loc":{"start":{"line":18,"column":4},"end":{"line":18,"column":59}}},"2":{"name":"(anonymous_2)","decl":{"start":{"line":21,"column":21},"end":{"line":21,"column":22}},"loc":{"start":{"line":21,"column":48},"end":{"line":21,"column":71}}}},"branchMap":{},"s":{"0":13,"1":13,"2":0,"3":0,"4":0,"5":0,"6":13,"7":13,"8":0,"9":13},"f":{"0":0,"1":0,"2":0},"b":{}}
,"/Users/casin/sandbox/rebuilder/src/lib/index.ts": {"path":"/Users/casin/sandbox/rebuilder/src/lib/index.ts","statementMap":{"0":{"start":{"line":1,"column":0},"end":{"line":1,"column":28}},"1":{"start":{"line":2,"column":0},"end":{"line":2,"column":28}},"2":{"start":{"line":3,"column":0},"end":{"line":3,"column":25}},"3":{"start":{"line":4,"column":0},"end":{"line":4,"column":23}},"4":{"start":{"line":5,"column":0},"end":{"line":5,"column":20}}},"fnMap":{},"branchMap":{},"s":{"0":13,"1":13,"2":13,"3":13,"4":13},"f":{},"b":{}}
,"/Users/casin/sandbox/rebuilder/src/lib/or.ts": {"path":"/Users/casin/sandbox/rebuilder/src/lib/or.ts","statementMap":{"0":{"start":{"line":14,"column":2},"end":{"line":15,"column":null}},"1":{"start":{"line":15,"column":4},"end":{"line":15,"column":60}},"2":{"start":{"line":15,"column":33},"end":{"line":15,"column":49}},"3":{"start":{"line":11,"column":4},"end":{"line":11,"column":null}},"4":{"start":{"line":7,"column":0},"end":{"line":7,"column":13}},"5":{"start":{"line":18,"column":18},"end":{"line":18,"column":65}},"6":{"start":{"line":18,"column":45},"end":{"line":18,"column":65}},"7":{"start":{"line":18,"column":13},"end":{"line":18,"column":18}}},"fnMap":{"0":{"name":"(anonymous_0)","decl":{"start":{"line":10,"column":2},"end":{"line":10,"column":14}},"loc":{"start":{"line":10,"column":32},"end":{"line":12,"column":3}}},"1":{"name":"(anonymous_1)","decl":{"start":{"line":14,"column":13},"end":{"line":14,"column":24}},"loc":{"start":{"line":15,"column":4},"end":{"line":15,"column":60}}},"2":{"name":"(anonymous_2)","decl":{"start":{"line":15,"column":22},"end":{"line":15,"column":23}},"loc":{"start":{"line":15,"column":33},"end":{"line":15,"column":49}}},"3":{"name":"(anonymous_3)","decl":{"start":{"line":18,"column":18},"end":{"line":18,"column":19}},"loc":{"start":{"line":18,"column":45},"end":{"line":18,"column":65}}}},"branchMap":{},"s":{"0":0,"1":0,"2":0,"3":0,"4":13,"5":13,"6":0,"7":13},"f":{"0":0,"1":0,"2":0,"3":0},"b":{}}
,"/Users/casin/sandbox/rebuilder/src/lib/pattern.ts": {"path":"/Users/casin/sandbox/rebuilder/src/lib/pattern.ts","statementMap":{"0":{"start":{"line":1,"column":0},"end":{"line":1,"column":41}},"1":{"start":{"line":4,"column":22},"end":{"line":19,"column":2}},"2":{"start":{"line":25,"column":4},"end":{"line":25,"column":null}},"3":{"start":{"line":32,"column":2},"end":{"line":32,"column":null}},"4":{"start":{"line":32,"column":19},"end":{"line":32,"column":54}},"5":{"start":{"line":26,"column":4},"end":{"line":29,"column":null}},"6":{"start":{"line":28,"column":22},"end":{"line":28,"column":66}},"7":{"start":{"line":21,"column":0},"end":{"line":21,"column":13}},"8":{"start":{"line":35,"column":23},"end":{"line":35,"column":64}},"9":{"start":{"line":35,"column":42},"end":{"line":35,"column":64}},"10":{"start":{"line":35,"column":13},"end":{"line":35,"column":23}}},"fnMap":{"0":{"name":"(anonymous_0)","decl":{"start":{"line":24,"column":2},"end":{"line":24,"column":14}},"loc":{"start":{"line":24,"column":29},"end":{"line":30,"column":3}}},"1":{"name":"(anonymous_1)","decl":{"start":{"line":32,"column":13},"end":{"line":32,"column":16}},"loc":{"start":{"line":32,"column":19},"end":{"line":32,"column":54}}},"2":{"name":"(anonymous_2)","decl":{"start":{"line":28,"column":11},"end":{"line":28,"column":12}},"loc":{"start":{"line":28,"column":22},"end":{"line":28,"column":66}}},"3":{"name":"(anonymous_3)","decl":{"start":{"line":35,"column":23},"end":{"line":35,"column":24}},"loc":{"start":{"line":35,"column":42},"end":{"line":35,"column":64}}}},"branchMap":{"0":{"loc":{"start":{"line":28,"column":22},"end":{"line":28,"column":66}},"type":"cond-expr","locations":[{"start":{"line":28,"column":48},"end":{"line":28,"column":59}},{"start":{"line":28,"column":62},"end":{"line":28,"column":66}}]}},"s":{"0":13,"1":13,"2":0,"3":0,"4":0,"5":0,"6":0,"7":13,"8":13,"9":0,"10":13},"f":{"0":0,"1":0,"2":0,"3":0},"b":{"0":[0,0]}}
,"/Users/casin/sandbox/rebuilder/src/lib/characters/CharNode.ts": {"path":"/Users/casin/sandbox/rebuilder/src/lib/characters/CharNode.ts","statementMap":{"0":{"start":{"line":1,"column":0},"end":{"line":1,"column":42}},"1":{"start":{"line":7,"column":4},"end":{"line":7,"column":null}},"2":{"start":{"line":11,"column":2},"end":{"line":11,"column":null}},"3":{"start":{"line":11,"column":19},"end":{"line":11,"column":56}},"4":{"start":{"line":8,"column":4},"end":{"line":8,"column":null}},"5":{"start":{"line":3,"column":0},"end":{"line":3,"column":13}}},"fnMap":{"0":{"name":"(anonymous_0)","decl":{"start":{"line":6,"column":2},"end":{"line":6,"column":14}},"loc":{"start":{"line":6,"column":31},"end":{"line":9,"column":3}}},"1":{"name":"(anonymous_1)","decl":{"start":{"line":11,"column":13},"end":{"line":11,"column":16}},"loc":{"start":{"line":11,"column":19},"end":{"line":11,"column":56}}}},"branchMap":{},"s":{"0":13,"1":84,"2":84,"3":84,"4":84,"5":13},"f":{"0":84,"1":84},"b":{}}
,"/Users/casin/sandbox/rebuilder/src/lib/characters/alphanumeric.ts": {"path":"/Users/casin/sandbox/rebuilder/src/lib/characters/alphanumeric.ts","statementMap":{"0":{"start":{"line":1,"column":0},"end":{"line":1,"column":37}},"1":{"start":{"line":5,"column":4},"end":{"line":5,"column":null}},"2":{"start":{"line":3,"column":0},"end":{"line":3,"column":13}},"3":{"start":{"line":11,"column":4},"end":{"line":11,"column":null}},"4":{"start":{"line":9,"column":0},"end":{"line":9,"column":13}},"5":{"start":{"line":18,"column":28},"end":{"line":18,"column":60}},"6":{"start":{"line":18,"column":34},"end":{"line":18,"column":60}},"7":{"start":{"line":18,"column":13},"end":{"line":18,"column":28}},"8":{"start":{"line":23,"column":31},"end":{"line":23,"column":66}},"9":{"start":{"line":23,"column":37},"end":{"line":23,"column":66}},"10":{"start":{"line":23,"column":13},"end":{"line":23,"column":31}}},"fnMap":{"0":{"name":"(anonymous_0)","decl":{"start":{"line":4,"column":2},"end":{"line":4,"column":null}},"loc":{"start":{"line":4,"column":2},"end":{"line":6,"column":3}}},"1":{"name":"(anonymous_1)","decl":{"start":{"line":10,"column":2},"end":{"line":10,"column":null}},"loc":{"start":{"line":10,"column":2},"end":{"line":12,"column":3}}},"2":{"name":"(anonymous_2)","decl":{"start":{"line":18,"column":28},"end":{"line":18,"column":31}},"loc":{"start":{"line":18,"column":34},"end":{"line":18,"column":60}}},"3":{"name":"(anonymous_3)","decl":{"start":{"line":23,"column":31},"end":{"line":23,"column":34}},"loc":{"start":{"line":23,"column":37},"end":{"line":23,"column":66}}}},"branchMap":{},"s":{"0":13,"1":7,"2":13,"3":7,"4":13,"5":13,"6":7,"7":13,"8":13,"9":7,"10":13},"f":{"0":7,"1":7,"2":7,"3":7},"b":{}}
,"/Users/casin/sandbox/rebuilder/src/lib/characters/any.ts": {"path":"/Users/casin/sandbox/rebuilder/src/lib/characters/any.ts","statementMap":{"0":{"start":{"line":1,"column":0},"end":{"line":1,"column":37}},"1":{"start":{"line":5,"column":4},"end":{"line":5,"column":null}},"2":{"start":{"line":3,"column":0},"end":{"line":3,"column":13}},"3":{"start":{"line":19,"column":19},"end":{"line":19,"column":42}},"4":{"start":{"line":19,"column":25},"end":{"line":19,"column":42}},"5":{"start":{"line":19,"column":13},"end":{"line":19,"column":19}}},"fnMap":{"0":{"name":"(anonymous_0)","decl":{"start":{"line":4,"column":2},"end":{"line":4,"column":null}},"loc":{"start":{"line":4,"column":2},"end":{"line":6,"column":3}}},"1":{"name":"(anonymous_1)","decl":{"start":{"line":19,"column":19},"end":{"line":19,"column":22}},"loc":{"start":{"line":19,"column":25},"end":{"line":19,"column":42}}}},"branchMap":{},"s":{"0":13,"1":7,"2":13,"3":13,"4":7,"5":13},"f":{"0":7,"1":7},"b":{}}
,"/Users/casin/sandbox/rebuilder/src/lib/characters/caretReturn.ts": {"path":"/Users/casin/sandbox/rebuilder/src/lib/characters/caretReturn.ts","statementMap":{"0":{"start":{"line":1,"column":0},"end":{"line":1,"column":37}},"1":{"start":{"line":5,"column":4},"end":{"line":5,"column":null}},"2":{"start":{"line":3,"column":0},"end":{"line":3,"column":13}},"3":{"start":{"line":12,"column":27},"end":{"line":12,"column":58}},"4":{"start":{"line":12,"column":33},"end":{"line":12,"column":58}},"5":{"start":{"line":12,"column":13},"end":{"line":12,"column":27}}},"fnMap":{"0":{"name":"(anonymous_0)","decl":{"start":{"line":4,"column":2},"end":{"line":4,"column":null}},"loc":{"start":{"line":4,"column":2},"end":{"line":6,"column":3}}},"1":{"name":"(anonymous_1)","decl":{"start":{"line":12,"column":27},"end":{"line":12,"column":30}},"loc":{"start":{"line":12,"column":33},"end":{"line":12,"column":58}}}},"branchMap":{},"s":{"0":13,"1":7,"2":13,"3":13,"4":7,"5":13},"f":{"0":7,"1":7},"b":{}}
,"/Users/casin/sandbox/rebuilder/src/lib/characters/code.ts": {"path":"/Users/casin/sandbox/rebuilder/src/lib/characters/code.ts","statementMap":{"0":{"start":{"line":1,"column":0},"end":{"line":1,"column":37}},"1":{"start":{"line":7,"column":4},"end":{"line":7,"column":null}},"2":{"start":{"line":5,"column":0},"end":{"line":5,"column":13}},"3":{"start":{"line":14,"column":20},"end":{"line":14,"column":54}},"4":{"start":{"line":14,"column":34},"end":{"line":14,"column":54}},"5":{"start":{"line":14,"column":13},"end":{"line":14,"column":20}}},"fnMap":{"0":{"name":"(anonymous_0)","decl":{"start":{"line":6,"column":2},"end":{"line":6,"column":14}},"loc":{"start":{"line":6,"column":22},"end":{"line":8,"column":3}}},"1":{"name":"(anonymous_1)","decl":{"start":{"line":14,"column":20},"end":{"line":14,"column":21}},"loc":{"start":{"line":14,"column":34},"end":{"line":14,"column":54}}}},"branchMap":{},"s":{"0":13,"1":0,"2":13,"3":13,"4":0,"5":13},"f":{"0":0,"1":0},"b":{}}
,"/Users/casin/sandbox/rebuilder/src/lib/characters/control.ts": {"path":"/Users/casin/sandbox/rebuilder/src/lib/characters/control.ts","statementMap":{"0":{"start":{"line":1,"column":0},"end":{"line":1,"column":37}},"1":{"start":{"line":7,"column":4},"end":{"line":7,"column":null}},"2":{"start":{"line":5,"column":0},"end":{"line":5,"column":13}},"3":{"start":{"line":14,"column":23},"end":{"line":14,"column":58}},"4":{"start":{"line":14,"column":36},"end":{"line":14,"column":58}},"5":{"start":{"line":14,"column":13},"end":{"line":14,"column":23}}},"fnMap":{"0":{"name":"(anonymous_0)","decl":{"start":{"line":6,"column":2},"end":{"line":6,"column":14}},"loc":{"start":{"line":6,"column":21},"end":{"line":8,"column":3}}},"1":{"name":"(anonymous_1)","decl":{"start":{"line":14,"column":23},"end":{"line":14,"column":24}},"loc":{"start":{"line":14,"column":36},"end":{"line":14,"column":58}}}},"branchMap":{},"s":{"0":13,"1":0,"2":13,"3":13,"4":0,"5":13},"f":{"0":0,"1":0},"b":{}}
,"/Users/casin/sandbox/rebuilder/src/lib/characters/formFeed.ts": {"path":"/Users/casin/sandbox/rebuilder/src/lib/characters/formFeed.ts","statementMap":{"0":{"start":{"line":1,"column":0},"end":{"line":1,"column":37}},"1":{"start":{"line":5,"column":4},"end":{"line":5,"column":null}},"2":{"start":{"line":3,"column":0},"end":{"line":3,"column":13}},"3":{"start":{"line":12,"column":24},"end":{"line":12,"column":52}},"4":{"start":{"line":12,"column":30},"end":{"line":12,"column":52}},"5":{"start":{"line":12,"column":13},"end":{"line":12,"column":24}}},"fnMap":{"0":{"name":"(anonymous_0)","decl":{"start":{"line":4,"column":2},"end":{"line":4,"column":null}},"loc":{"start":{"line":4,"column":2},"end":{"line":6,"column":3}}},"1":{"name":"(anonymous_1)","decl":{"start":{"line":12,"column":24},"end":{"line":12,"column":27}},"loc":{"start":{"line":12,"column":30},"end":{"line":12,"column":52}}}},"branchMap":{},"s":{"0":13,"1":7,"2":13,"3":13,"4":7,"5":13},"f":{"0":7,"1":7},"b":{}}
,"/Users/casin/sandbox/rebuilder/src/lib/characters/index.ts": {"path":"/Users/casin/sandbox/rebuilder/src/lib/characters/index.ts","statementMap":{"0":{"start":{"line":1,"column":0},"end":{"line":1,"column":30}},"1":{"start":{"line":2,"column":0},"end":{"line":2,"column":21}},"2":{"start":{"line":3,"column":0},"end":{"line":3,"column":29}},"3":{"start":{"line":4,"column":0},"end":{"line":4,"column":22}},"4":{"start":{"line":5,"column":0},"end":{"line":5,"column":25}},"5":{"start":{"line":6,"column":0},"end":{"line":6,"column":26}},"6":{"start":{"line":7,"column":0},"end":{"line":7,"column":25}},"7":{"start":{"line":8,"column":0},"end":{"line":8,"column":26}},"8":{"start":{"line":9,"column":0},"end":{"line":9,"column":24}},"9":{"start":{"line":10,"column":0},"end":{"line":10,"column":21}},"10":{"start":{"line":11,"column":0},"end":{"line":11,"column":23}},"11":{"start":{"line":12,"column":0},"end":{"line":12,"column":28}},"12":{"start":{"line":13,"column":0},"end":{"line":13,"column":30}}},"fnMap":{},"branchMap":{},"s":{"0":13,"1":13,"2":13,"3":13,"4":13,"5":13,"6":13,"7":13,"8":13,"9":13,"10":13,"11":13,"12":13},"f":{},"b":{}}
,"/Users/casin/sandbox/rebuilder/src/lib/characters/newLine.ts": {"path":"/Users/casin/sandbox/rebuilder/src/lib/characters/newLine.ts","statementMap":{"0":{"start":{"line":1,"column":0},"end":{"line":1,"column":37}},"1":{"start":{"line":5,"column":4},"end":{"line":5,"column":null}},"2":{"start":{"line":3,"column":0},"end":{"line":3,"column":13}},"3":{"start":{"line":12,"column":23},"end":{"line":12,"column":50}},"4":{"start":{"line":12,"column":29},"end":{"line":12,"column":50}},"5":{"start":{"line":12,"column":13},"end":{"line":12,"column":23}}},"fnMap":{"0":{"name":"(anonymous_0)","decl":{"start":{"line":4,"column":2},"end":{"line":4,"column":null}},"loc":{"start":{"line":4,"column":2},"end":{"line":6,"column":3}}},"1":{"name":"(anonymous_1)","decl":{"start":{"line":12,"column":23},"end":{"line":12,"column":26}},"loc":{"start":{"line":12,"column":29},"end":{"line":12,"column":50}}}},"branchMap":{},"s":{"0":13,"1":7,"2":13,"3":13,"4":7,"5":13},"f":{"0":7,"1":7},"b":{}}
,"/Users/casin/sandbox/rebuilder/src/lib/characters/nullChar.ts": {"path":"/Users/casin/sandbox/rebuilder/src/lib/characters/nullChar.ts","statementMap":{"0":{"start":{"line":1,"column":0},"end":{"line":1,"column":37}},"1":{"start":{"line":5,"column":4},"end":{"line":5,"column":null}},"2":{"start":{"line":3,"column":0},"end":{"line":3,"column":13}},"3":{"start":{"line":12,"column":24},"end":{"line":12,"column":48}},"4":{"start":{"line":12,"column":30},"end":{"line":12,"column":48}},"5":{"start":{"line":12,"column":13},"end":{"line":12,"column":24}}},"fnMap":{"0":{"name":"(anonymous_0)","decl":{"start":{"line":4,"column":2},"end":{"line":4,"column":null}},"loc":{"start":{"line":4,"column":2},"end":{"line":6,"column":3}}},"1":{"name":"(anonymous_1)","decl":{"start":{"line":12,"column":24},"end":{"line":12,"column":27}},"loc":{"start":{"line":12,"column":30},"end":{"line":12,"column":48}}}},"branchMap":{},"s":{"0":13,"1":0,"2":13,"3":13,"4":0,"5":13},"f":{"0":0,"1":0},"b":{}}
,"/Users/casin/sandbox/rebuilder/src/lib/characters/number.ts": {"path":"/Users/casin/sandbox/rebuilder/src/lib/characters/number.ts","statementMap":{"0":{"start":{"line":1,"column":0},"end":{"line":1,"column":37}},"1":{"start":{"line":5,"column":4},"end":{"line":5,"column":null}},"2":{"start":{"line":3,"column":0},"end":{"line":3,"column":13}},"3":{"start":{"line":11,"column":4},"end":{"line":11,"column":null}},"4":{"start":{"line":9,"column":0},"end":{"line":9,"column":13}},"5":{"start":{"line":18,"column":22},"end":{"line":18,"column":48}},"6":{"start":{"line":18,"column":28},"end":{"line":18,"column":48}},"7":{"start":{"line":18,"column":13},"end":{"line":18,"column":22}},"8":{"start":{"line":23,"column":25},"end":{"line":23,"column":54}},"9":{"start":{"line":23,"column":31},"end":{"line":23,"column":54}},"10":{"start":{"line":23,"column":13},"end":{"line":23,"column":25}}},"fnMap":{"0":{"name":"(anonymous_0)","decl":{"start":{"line":4,"column":2},"end":{"line":4,"column":null}},"loc":{"start":{"line":4,"column":2},"end":{"line":6,"column":3}}},"1":{"name":"(anonymous_1)","decl":{"start":{"line":10,"column":2},"end":{"line":10,"column":null}},"loc":{"start":{"line":10,"column":2},"end":{"line":12,"column":3}}},"2":{"name":"(anonymous_2)","decl":{"start":{"line":18,"column":22},"end":{"line":18,"column":25}},"loc":{"start":{"line":18,"column":28},"end":{"line":18,"column":48}}},"3":{"name":"(anonymous_3)","decl":{"start":{"line":23,"column":25},"end":{"line":23,"column":28}},"loc":{"start":{"line":23,"column":31},"end":{"line":23,"column":54}}}},"branchMap":{},"s":{"0":13,"1":7,"2":13,"3":7,"4":13,"5":13,"6":7,"7":13,"8":13,"9":7,"10":13},"f":{"0":7,"1":7,"2":7,"3":7},"b":{}}
,"/Users/casin/sandbox/rebuilder/src/lib/characters/tab.ts": {"path":"/Users/casin/sandbox/rebuilder/src/lib/characters/tab.ts","statementMap":{"0":{"start":{"line":1,"column":0},"end":{"line":1,"column":37}},"1":{"start":{"line":5,"column":4},"end":{"line":5,"column":null}},"2":{"start":{"line":3,"column":0},"end":{"line":3,"column":13}},"3":{"start":{"line":11,"column":4},"end":{"line":11,"column":null}},"4":{"start":{"line":9,"column":0},"end":{"line":9,"column":13}},"5":{"start":{"line":18,"column":29},"end":{"line":18,"column":62}},"6":{"start":{"line":18,"column":35},"end":{"line":18,"column":62}},"7":{"start":{"line":18,"column":13},"end":{"line":18,"column":29}},"8":{"start":{"line":23,"column":27},"end":{"line":23,"column":58}},"9":{"start":{"line":23,"column":33},"end":{"line":23,"column":58}},"10":{"start":{"line":23,"column":13},"end":{"line":23,"column":27}}},"fnMap":{"0":{"name":"(anonymous_0)","decl":{"start":{"line":4,"column":2},"end":{"line":4,"column":null}},"loc":{"start":{"line":4,"column":2},"end":{"line":6,"column":3}}},"1":{"name":"(anonymous_1)","decl":{"start":{"line":10,"column":2},"end":{"line":10,"column":null}},"loc":{"start":{"line":10,"column":2},"end":{"line":12,"column":3}}},"2":{"name":"(anonymous_2)","decl":{"start":{"line":18,"column":29},"end":{"line":18,"column":32}},"loc":{"start":{"line":18,"column":35},"end":{"line":18,"column":62}}},"3":{"name":"(anonymous_3)","decl":{"start":{"line":23,"column":27},"end":{"line":23,"column":30}},"loc":{"start":{"line":23,"column":33},"end":{"line":23,"column":58}}}},"branchMap":{},"s":{"0":13,"1":7,"2":13,"3":7,"4":13,"5":13,"6":7,"7":13,"8":13,"9":7,"10":13},"f":{"0":7,"1":7,"2":7,"3":7},"b":{}}
,"/Users/casin/sandbox/rebuilder/src/lib/characters/utf16.ts": {"path":"/Users/casin/sandbox/rebuilder/src/lib/characters/utf16.ts","statementMap":{"0":{"start":{"line":1,"column":0},"end":{"line":1,"column":37}},"1":{"start":{"line":7,"column":4},"end":{"line":7,"column":null}},"2":{"start":{"line":5,"column":0},"end":{"line":5,"column":13}},"3":{"start":{"line":14,"column":21},"end":{"line":14,"column":60}},"4":{"start":{"line":14,"column":37},"end":{"line":14,"column":60}},"5":{"start":{"line":14,"column":13},"end":{"line":14,"column":21}}},"fnMap":{"0":{"name":"(anonymous_0)","decl":{"start":{"line":6,"column":2},"end":{"line":6,"column":14}},"loc":{"start":{"line":6,"column":24},"end":{"line":8,"column":3}}},"1":{"name":"(anonymous_1)","decl":{"start":{"line":14,"column":21},"end":{"line":14,"column":22}},"loc":{"start":{"line":14,"column":37},"end":{"line":14,"column":60}}}},"branchMap":{},"s":{"0":13,"1":0,"2":13,"3":13,"4":0,"5":13},"f":{"0":0,"1":0},"b":{}}
,"/Users/casin/sandbox/rebuilder/src/lib/characters/whitespace.ts": {"path":"/Users/casin/sandbox/rebuilder/src/lib/characters/whitespace.ts","statementMap":{"0":{"start":{"line":1,"column":0},"end":{"line":1,"column":37}},"1":{"start":{"line":5,"column":4},"end":{"line":5,"column":null}},"2":{"start":{"line":3,"column":0},"end":{"line":3,"column":13}},"3":{"start":{"line":11,"column":4},"end":{"line":11,"column":null}},"4":{"start":{"line":9,"column":0},"end":{"line":9,"column":13}},"5":{"start":{"line":18,"column":26},"end":{"line":18,"column":56}},"6":{"start":{"line":18,"column":32},"end":{"line":18,"column":56}},"7":{"start":{"line":18,"column":13},"end":{"line":18,"column":26}},"8":{"start":{"line":23,"column":29},"end":{"line":23,"column":62}},"9":{"start":{"line":23,"column":35},"end":{"line":23,"column":62}},"10":{"start":{"line":23,"column":13},"end":{"line":23,"column":29}}},"fnMap":{"0":{"name":"(anonymous_0)","decl":{"start":{"line":4,"column":2},"end":{"line":4,"column":null}},"loc":{"start":{"line":4,"column":2},"end":{"line":6,"column":3}}},"1":{"name":"(anonymous_1)","decl":{"start":{"line":10,"column":2},"end":{"line":10,"column":null}},"loc":{"start":{"line":10,"column":2},"end":{"line":12,"column":3}}},"2":{"name":"(anonymous_2)","decl":{"start":{"line":18,"column":26},"end":{"line":18,"column":29}},"loc":{"start":{"line":18,"column":32},"end":{"line":18,"column":56}}},"3":{"name":"(anonymous_3)","decl":{"start":{"line":23,"column":29},"end":{"line":23,"column":32}},"loc":{"start":{"line":23,"column":35},"end":{"line":23,"column":62}}}},"branchMap":{},"s":{"0":13,"1":7,"2":13,"3":7,"4":13,"5":13,"6":7,"7":13,"8":13,"9":7,"10":13},"f":{"0":7,"1":7,"2":7,"3":7},"b":{}}
,"/Users/casin/sandbox/rebuilder/src/lib/characters/wordBoundary.ts": {"path":"/Users/casin/sandbox/rebuilder/src/lib/characters/wordBoundary.ts","statementMap":{"0":{"start":{"line":1,"column":0},"end":{"line":1,"column":37}},"1":{"start":{"line":5,"column":4},"end":{"line":5,"column":null}},"2":{"start":{"line":3,"column":0},"end":{"line":3,"column":13}},"3":{"start":{"line":11,"column":4},"end":{"line":11,"column":null}},"4":{"start":{"line":9,"column":0},"end":{"line":9,"column":13}},"5":{"start":{"line":24,"column":28},"end":{"line":24,"column":60}},"6":{"start":{"line":24,"column":34},"end":{"line":24,"column":60}},"7":{"start":{"line":24,"column":13},"end":{"line":24,"column":28}},"8":{"start":{"line":29,"column":31},"end":{"line":29,"column":66}},"9":{"start":{"line":29,"column":37},"end":{"line":29,"column":66}},"10":{"start":{"line":29,"column":13},"end":{"line":29,"column":31}}},"fnMap":{"0":{"name":"(anonymous_0)","decl":{"start":{"line":4,"column":2},"end":{"line":4,"column":null}},"loc":{"start":{"line":4,"column":2},"end":{"line":6,"column":3}}},"1":{"name":"(anonymous_1)","decl":{"start":{"line":10,"column":2},"end":{"line":10,"column":null}},"loc":{"start":{"line":10,"column":2},"end":{"line":12,"column":3}}},"2":{"name":"(anonymous_2)","decl":{"start":{"line":24,"column":28},"end":{"line":24,"column":31}},"loc":{"start":{"line":24,"column":34},"end":{"line":24,"column":60}}},"3":{"name":"(anonymous_3)","decl":{"start":{"line":29,"column":31},"end":{"line":29,"column":34}},"loc":{"start":{"line":29,"column":37},"end":{"line":29,"column":66}}}},"branchMap":{},"s":{"0":13,"1":0,"2":13,"3":0,"4":13,"5":13,"6":0,"7":13,"8":13,"9":0,"10":13},"f":{"0":0,"1":0,"2":0,"3":0},"b":{}}
,"/Users/casin/sandbox/rebuilder/src/lib/utils/compileChildren.ts": {"path":"/Users/casin/sandbox/rebuilder/src/lib/utils/compileChildren.ts","statementMap":{"0":{"start":{"line":5,"column":31},"end":{"line":6,"column":52}},"1":{"start":{"line":6,"column":2},"end":{"line":6,"column":52}},"2":{"start":{"line":6,"column":26},"end":{"line":6,"column":42}},"3":{"start":{"line":5,"column":13},"end":{"line":5,"column":31}}},"fnMap":{"0":{"name":"(anonymous_0)","decl":{"start":{"line":5,"column":31},"end":{"line":5,"column":32}},"loc":{"start":{"line":6,"column":2},"end":{"line":6,"column":52}}},"1":{"name":"(anonymous_1)","decl":{"start":{"line":6,"column":15},"end":{"line":6,"column":16}},"loc":{"start":{"line":6,"column":26},"end":{"line":6,"column":42}}}},"branchMap":{},"s":{"0":13,"1":95,"2":84,"3":13},"f":{"0":95,"1":84},"b":{}}
}
