TN:
SF:src/lib/Quantifier.ts
FN:1,(anonymous_0)
FN:5,(anonymous_1)
FN:8,(anonymous_2)
FN:11,(anonymous_3)
FN:14,(anonymous_4)
FN:19,(anonymous_5)
FNF:6
FNH:6
FNDA:84,(anonymous_0)
FNDA:12,(anonymous_1)
FNDA:12,(anonymous_2)
FNDA:12,(anonymous_3)
FNDA:24,(anonymous_4)
FNDA:12,(anonymous_5)
DA:1,13
DA:2,84
DA:5,84
DA:8,84
DA:11,84
DA:14,84
DA:15,24
DA:19,84
LF:8
LH:8
BRDA:15,0,0,12
BRDA:15,0,1,12
BRF:2
BRH:2
end_of_record
TN:
SF:src/lib/expression.ts
FN:19,(anonymous_0)
FN:26,(anonymous_1)
FN:35,(anonymous_2)
FN:42,(anonymous_3)
FN:51,(anonymous_4)
FN:58,(anonymous_5)
FN:67,(anonymous_6)
FN:74,(anonymous_7)
FN:78,(anonymous_8)
FN:80,(anonymous_9)
FN:87,(anonymous_10)
FN:94,(anonymous_11)
FN:102,(anonymous_12)
FN:123,(anonymous_13)
FNF:14
FNH:14
FNDA:95,(anonymous_0)
FNDA:2,(anonymous_1)
FNDA:2,(anonymous_2)
FNDA:2,(anonymous_3)
FNDA:2,(anonymous_4)
FNDA:2,(anonymous_5)
FNDA:2,(anonymous_6)
FNDA:2,(anonymous_7)
FNDA:2,(anonymous_8)
FNDA:2,(anonymous_9)
FNDA:95,(anonymous_10)
FNDA:95,(anonymous_11)
FNDA:95,(anonymous_12)
FNDA:95,(anonymous_13)
DA:4,13
DA:9,95
DA:10,95
DA:11,95
DA:12,95
DA:13,95
DA:14,95
DA:15,95
DA:16,95
DA:17,95
DA:19,95
DA:26,95
DA:27,2
DA:35,95
DA:42,95
DA:43,2
DA:51,95
DA:58,95
DA:59,2
DA:67,95
DA:74,95
DA:75,2
DA:78,95
DA:80,95
DA:87,95
DA:88,95
DA:89,95
DA:91,95
DA:94,95
DA:95,95
DA:96,95
DA:97,95
DA:99,95
DA:102,95
DA:103,95
DA:105,95
DA:106,95
DA:107,95
DA:108,95
DA:109,95
DA:110,95
DA:111,95
DA:113,95
DA:123,13
DA:124,95
LF:45
LH:45
BRDA:26,0,0,2
BRDA:35,1,0,2
BRDA:42,2,0,2
BRDA:51,3,0,2
BRDA:58,4,0,2
BRDA:67,5,0,2
BRDA:74,6,0,2
BRDA:78,7,0,2
BRDA:80,8,0,2
BRDA:95,9,0,2
BRDA:95,9,1,93
BRDA:96,10,0,2
BRDA:96,10,1,93
BRDA:105,11,0,2
BRDA:106,12,0,2
BRDA:107,13,0,2
BRDA:108,14,0,2
BRDA:109,15,0,2
BRDA:110,16,0,2
BRDA:111,17,0,2
BRF:20
BRH:20
end_of_record
TN:
SF:src/lib/group.ts
FN:12,(anonymous_0)
FN:17,(anonymous_1)
FN:21,(anonymous_2)
FNF:3
FNH:0
FNDA:0,(anonymous_0)
FNDA:0,(anonymous_1)
FNDA:0,(anonymous_2)
DA:4,13
DA:5,13
DA:9,13
DA:13,0
DA:14,0
DA:17,0
DA:18,0
DA:21,13
LF:8
LH:4
BRF:0
BRH:0
end_of_record
TN:
SF:src/lib/index.ts
FNF:0
FNH:0
DA:1,13
DA:2,13
DA:3,13
DA:4,13
DA:5,13
LF:5
LH:5
BRF:0
BRH:0
end_of_record
TN:
SF:src/lib/or.ts
FN:10,(anonymous_0)
FN:14,(anonymous_1)
FN:15,(anonymous_2)
FN:18,(anonymous_3)
FNF:4
FNH:0
FNDA:0,(anonymous_0)
FNDA:0,(anonymous_1)
FNDA:0,(anonymous_2)
FNDA:0,(anonymous_3)
DA:7,13
DA:11,0
DA:14,0
DA:15,0
DA:18,13
LF:5
LH:2
BRF:0
BRH:0
end_of_record
TN:
SF:src/lib/pattern.ts
FN:24,(anonymous_0)
FN:32,(anonymous_1)
FN:28,(anonymous_2)
FN:35,(anonymous_3)
FNF:4
FNH:0
FNDA:0,(anonymous_0)
FNDA:0,(anonymous_1)
FNDA:0,(anonymous_2)
FNDA:0,(anonymous_3)
DA:1,13
DA:4,13
DA:21,13
DA:25,0
DA:26,0
DA:28,0
DA:32,0
DA:35,13
LF:8
LH:4
BRDA:28,0,0,0
BRDA:28,0,1,0
BRF:2
BRH:0
end_of_record
TN:
SF:src/lib/characters/CharNode.ts
FN:6,(anonymous_0)
FN:11,(anonymous_1)
FNF:2
FNH:2
FNDA:84,(anonymous_0)
FNDA:84,(anonymous_1)
DA:1,13
DA:3,13
DA:7,84
DA:8,84
DA:11,84
LF:5
LH:5
BRF:0
BRH:0
end_of_record
TN:
SF:src/lib/characters/alphanumeric.ts
FN:4,(anonymous_0)
FN:10,(anonymous_1)
FN:18,(anonymous_2)
FN:23,(anonymous_3)
FNF:4
FNH:4
FNDA:7,(anonymous_0)
FNDA:7,(anonymous_1)
FNDA:7,(anonymous_2)
FNDA:7,(anonymous_3)
DA:1,13
DA:3,13
DA:5,7
DA:9,13
DA:11,7
DA:18,13
DA:23,13
LF:7
LH:7
BRF:0
BRH:0
end_of_record
TN:
SF:src/lib/characters/any.ts
FN:4,(anonymous_0)
FN:19,(anonymous_1)
FNF:2
FNH:2
FNDA:7,(anonymous_0)
FNDA:7,(anonymous_1)
DA:1,13
DA:3,13
DA:5,7
DA:19,13
LF:4
LH:4
BRF:0
BRH:0
end_of_record
TN:
SF:src/lib/characters/caretReturn.ts
FN:4,(anonymous_0)
FN:12,(anonymous_1)
FNF:2
FNH:2
FNDA:7,(anonymous_0)
FNDA:7,(anonymous_1)
DA:1,13
DA:3,13
DA:5,7
DA:12,13
LF:4
LH:4
BRF:0
BRH:0
end_of_record
TN:
SF:src/lib/characters/code.ts
FN:6,(anonymous_0)
FN:14,(anonymous_1)
FNF:2
FNH:0
FNDA:0,(anonymous_0)
FNDA:0,(anonymous_1)
DA:1,13
DA:5,13
DA:7,0
DA:14,13
LF:4
LH:3
BRF:0
BRH:0
end_of_record
TN:
SF:src/lib/characters/control.ts
FN:6,(anonymous_0)
FN:14,(anonymous_1)
FNF:2
FNH:0
FNDA:0,(anonymous_0)
FNDA:0,(anonymous_1)
DA:1,13
DA:5,13
DA:7,0
DA:14,13
LF:4
LH:3
BRF:0
BRH:0
end_of_record
TN:
SF:src/lib/characters/formFeed.ts
FN:4,(anonymous_0)
FN:12,(anonymous_1)
FNF:2
FNH:2
FNDA:7,(anonymous_0)
FNDA:7,(anonymous_1)
DA:1,13
DA:3,13
DA:5,7
DA:12,13
LF:4
LH:4
BRF:0
BRH:0
end_of_record
TN:
SF:src/lib/characters/index.ts
FNF:0
FNH:0
DA:1,13
DA:2,13
DA:3,13
DA:4,13
DA:5,13
DA:6,13
DA:7,13
DA:8,13
DA:9,13
DA:10,13
DA:11,13
DA:12,13
DA:13,13
LF:13
LH:13
BRF:0
BRH:0
end_of_record
TN:
SF:src/lib/characters/newLine.ts
FN:4,(anonymous_0)
FN:12,(anonymous_1)
FNF:2
FNH:2
FNDA:7,(anonymous_0)
FNDA:7,(anonymous_1)
DA:1,13
DA:3,13
DA:5,7
DA:12,13
LF:4
LH:4
BRF:0
BRH:0
end_of_record
TN:
SF:src/lib/characters/nullChar.ts
FN:4,(anonymous_0)
FN:12,(anonymous_1)
FNF:2
FNH:0
FNDA:0,(anonymous_0)
FNDA:0,(anonymous_1)
DA:1,13
DA:3,13
DA:5,0
DA:12,13
LF:4
LH:3
BRF:0
BRH:0
end_of_record
TN:
SF:src/lib/characters/number.ts
FN:4,(anonymous_0)
FN:10,(anonymous_1)
FN:18,(anonymous_2)
FN:23,(anonymous_3)
FNF:4
FNH:4
FNDA:7,(anonymous_0)
FNDA:7,(anonymous_1)
FNDA:7,(anonymous_2)
FNDA:7,(anonymous_3)
DA:1,13
DA:3,13
DA:5,7
DA:9,13
DA:11,7
DA:18,13
DA:23,13
LF:7
LH:7
BRF:0
BRH:0
end_of_record
TN:
SF:src/lib/characters/tab.ts
FN:4,(anonymous_0)
FN:10,(anonymous_1)
FN:18,(anonymous_2)
FN:23,(anonymous_3)
FNF:4
FNH:4
FNDA:7,(anonymous_0)
FNDA:7,(anonymous_1)
FNDA:7,(anonymous_2)
FNDA:7,(anonymous_3)
DA:1,13
DA:3,13
DA:5,7
DA:9,13
DA:11,7
DA:18,13
DA:23,13
LF:7
LH:7
BRF:0
BRH:0
end_of_record
TN:
SF:src/lib/characters/utf16.ts
FN:6,(anonymous_0)
FN:14,(anonymous_1)
FNF:2
FNH:0
FNDA:0,(anonymous_0)
FNDA:0,(anonymous_1)
DA:1,13
DA:5,13
DA:7,0
DA:14,13
LF:4
LH:3
BRF:0
BRH:0
end_of_record
TN:
SF:src/lib/characters/whitespace.ts
FN:4,(anonymous_0)
FN:10,(anonymous_1)
FN:18,(anonymous_2)
FN:23,(anonymous_3)
FNF:4
FNH:4
FNDA:7,(anonymous_0)
FNDA:7,(anonymous_1)
FNDA:7,(anonymous_2)
FNDA:7,(anonymous_3)
DA:1,13
DA:3,13
DA:5,7
DA:9,13
DA:11,7
DA:18,13
DA:23,13
LF:7
LH:7
BRF:0
BRH:0
end_of_record
TN:
SF:src/lib/characters/wordBoundary.ts
FN:4,(anonymous_0)
FN:10,(anonymous_1)
FN:24,(anonymous_2)
FN:29,(anonymous_3)
FNF:4
FNH:0
FNDA:0,(anonymous_0)
FNDA:0,(anonymous_1)
FNDA:0,(anonymous_2)
FNDA:0,(anonymous_3)
DA:1,13
DA:3,13
DA:5,0
DA:9,13
DA:11,0
DA:24,13
DA:29,13
LF:7
LH:5
BRF:0
BRH:0
end_of_record
TN:
SF:src/lib/utils/compileChildren.ts
FN:5,(anonymous_0)
FN:6,(anonymous_1)
FNF:2
FNH:2
FNDA:95,(anonymous_0)
FNDA:84,(anonymous_1)
DA:5,13
DA:6,95
LF:2
LH:2
BRF:0
BRH:0
end_of_record
